<?xml version="1.0" encoding="UTF-8"?>
<!-- Generated by org.testng.reporters.JUnitReportReporter -->
<testsuite hostname="DESKTOP-OFA3VR4" failures="0" tests="4" name="com.tests.UserManagementTest" time="54.437" errors="0" timestamp="2025-10-23T11:34:47 IST" skipped="3">
  <testcase classname="com.tests.UserManagementTest" name="testCompleteUserManagementFlow" time="54.437"/>
  <testcase classname="com.tests.UserManagementTest" name="testAddUserOnly">
    <skipped/>
  </testcase> <!-- testAddUserOnly -->
  <testcase classname="com.tests.UserManagementTest" name="testSearchUserOnly">
    <skipped/>
  </testcase> <!-- testSearchUserOnly -->
  <testcase classname="com.tests.UserManagementTest" name="testLoginOnly">
    <skipped/>
  </testcase> <!-- testLoginOnly -->
</testsuite> <!-- com.tests.UserManagementTest -->
