<?xml version="1.0" encoding="UTF-8"?>
<!-- Generated by org.testng.reporters.JUnitReportReporter -->
<testsuite hostname="DESKTOP-OFA3VR4" failures="0" tests="2" name="com.tests.LoginTest" time="39.207" errors="1" timestamp="2025-10-23T10:34:35 IST" skipped="1">
  <testcase classname="com.tests.LoginTest" name="launchBrowser" time="39.207">
    <error message="Error {
  message=&#039;Timeout 30000ms exceeded.
  name=&#039;TimeoutError
  stack=&#039;TimeoutError: Timeout 30000ms exceeded.
    at ProgressController.run (C:\Users\Dell\AppData\Local\Temp\playwright-java-17996589158502806899\package\lib\server\progress.js:65:26)
    at FrameDispatcher._runCommand (C:\Users\Dell\AppData\Local\Temp\playwright-java-17996589158502806899\package\lib\server\dispatchers\dispatcher.js:91:31)
    at DispatcherConnection.dispatch (C:\Users\Dell\AppData\Local\Temp\playwright-java-17996589158502806899\package\lib\server\dispatchers\dispatcher.js:322:39)
}
Call log:
-   - navigating to &quot;https://opensource-demo.orangehrmlive.com/web/index.php/auth/login&quot;, waiting until &quot;load&quot;
" type="com.microsoft.playwright.TimeoutError">
      <![CDATA[com.microsoft.playwright.TimeoutError: Error {
  message='Timeout 30000ms exceeded.
  name='TimeoutError
  stack='TimeoutError: Timeout 30000ms exceeded.
    at ProgressController.run (C:\Users\Dell\AppData\Local\Temp\playwright-java-17996589158502806899\package\lib\server\progress.js:65:26)
    at FrameDispatcher._runCommand (C:\Users\Dell\AppData\Local\Temp\playwright-java-17996589158502806899\package\lib\server\dispatchers\dispatcher.js:91:31)
    at DispatcherConnection.dispatch (C:\Users\Dell\AppData\Local\Temp\playwright-java-17996589158502806899\package\lib\server\dispatchers\dispatcher.js:322:39)
}
Call log:
-   - navigating to "https://opensource-demo.orangehrmlive.com/web/index.php/auth/login", waiting until "load"

at com.microsoft.playwright.impl.WaitableResult.get(WaitableResult.java:52)
at com.microsoft.playwright.impl.ChannelOwner.runUntil(ChannelOwner.java:138)
at com.microsoft.playwright.impl.Connection.sendMessage(Connection.java:131)
at com.microsoft.playwright.impl.ChannelOwner.sendMessage(ChannelOwner.java:124)
at com.microsoft.playwright.impl.FrameImpl.navigateImpl(FrameImpl.java:419)
at com.microsoft.playwright.impl.PageImpl.navigate(PageImpl.java:918)
at com.microsoft.playwright.impl.PageImpl.navigate(PageImpl.java:42)
at com.microsoft.playwright.Page.navigate(Page.java:5491)
at com.utiltities.TestBase.launchBrowser(TestBase.java:19)
at java.base/jdk.internal.reflect.DirectMethodHandleAccessor.invoke(DirectMethodHandleAccessor.java:103)
at java.base/java.lang.reflect.Method.invoke(Method.java:580)
at org.testng.internal.invokers.MethodInvocationHelper.invokeMethod(MethodInvocationHelper.java:141)
at org.testng.internal.invokers.MethodInvocationHelper.invokeMethodConsideringTimeout(MethodInvocationHelper.java:71)
at org.testng.internal.invokers.ConfigInvoker.invokeConfigurationMethod(ConfigInvoker.java:400)
at org.testng.internal.invokers.ConfigInvoker.invokeConfigurations(ConfigInvoker.java:333)
at org.testng.internal.invokers.TestMethodWorker.invokeBeforeClassMethods(TestMethodWorker.java:188)
at org.testng.internal.invokers.TestMethodWorker.run(TestMethodWorker.java:128)
at java.base/java.util.ArrayList.forEach(ArrayList.java:1596)
at org.testng.TestRunner.privateRun(TestRunner.java:741)
at org.testng.TestRunner.run(TestRunner.java:616)
at org.testng.SuiteRunner.runTest(SuiteRunner.java:421)
at org.testng.SuiteRunner.runSequentially(SuiteRunner.java:413)
at org.testng.SuiteRunner.privateRun(SuiteRunner.java:373)
at org.testng.SuiteRunner.run(SuiteRunner.java:312)
at org.testng.SuiteRunnerWorker.runSuite(SuiteRunnerWorker.java:52)
at org.testng.SuiteRunnerWorker.run(SuiteRunnerWorker.java:95)
at org.testng.TestNG.runSuitesSequentially(TestNG.java:1274)
at org.testng.TestNG.runSuitesLocally(TestNG.java:1208)
at org.testng.TestNG.runSuites(TestNG.java:1112)
at org.testng.TestNG.run(TestNG.java:1079)
at org.testng.remote.AbstractRemoteTestNG.run(AbstractRemoteTestNG.java:115)
at org.testng.remote.RemoteTestNG.initAndRun(RemoteTestNG.java:293)
at org.testng.remote.RemoteTestNG.main(RemoteTestNG.java:91)
Caused by: com.microsoft.playwright.TimeoutError: Error {
  message='Timeout 30000ms exceeded.
  name='TimeoutError
  stack='TimeoutError: Timeout 30000ms exceeded.
    at ProgressController.run (C:\Users\Dell\AppData\Local\Temp\playwright-java-17996589158502806899\package\lib\server\progress.js:65:26)
    at FrameDispatcher._runCommand (C:\Users\Dell\AppData\Local\Temp\playwright-java-17996589158502806899\package\lib\server\dispatchers\dispatcher.js:91:31)
    at DispatcherConnection.dispatch (C:\Users\Dell\AppData\Local\Temp\playwright-java-17996589158502806899\package\lib\server\dispatchers\dispatcher.js:322:39)
}
Call log:
-   - navigating to "https://opensource-demo.orangehrmlive.com/web/index.php/auth/login", waiting until "load"

at com.microsoft.playwright.impl.Connection.dispatch(Connection.java:257)
at com.microsoft.playwright.impl.Connection.processOneMessage(Connection.java:214)
at com.microsoft.playwright.impl.ChannelOwner.runUntil(ChannelOwner.java:136)
... 31 more
]]>
    </error>
  </testcase> <!-- launchBrowser -->
  <testcase classname="com.tests.LoginTest" name="logging" time="0.000">
    <skipped/>
  </testcase> <!-- logging -->
</testsuite> <!-- com.tests.LoginTest -->
